<?xml version="1.0" encoding="UTF-8"?>
<testsuite name="TestGsonTest" tests="1" skipped="0" failures="0" errors="0" timestamp="2019-08-30T11:52:53" hostname="octo-pc" time="0.353">
  <properties/>
  <testcase name="write" classname="TestGsonTest" time="0.353"/>
  <system-out><![CDATA[]]></system-out>
  <system-err><![CDATA[]]></system-err>
</testsuite>
